<?xml version="1.0" encoding="UTF-8"?>
<!-- Generated by org.testng.reporters.JUnitReportReporter -->
<testsuite hostname="DESKTOP-PLBA2VU" failures="0" tests="1" name="com.comcast.Contact.contactTest" time="0.015" errors="0" timestamp="2021-09-22T13:48:03 IST" skipped="0">
  <testcase classname="com.comcast.Contact.contactTest" name="createContactTest" time="0.015"/>
  <system-out/>
</testsuite> <!-- com.comcast.Contact.contactTest -->
