<?xml version="1.0" encoding="UTF-8"?>
<!-- Generated by org.testng.reporters.JUnitReportReporter -->
<testsuite hostname="DESKTOP-PLBA2VU" failures="0" tests="3" name="com.comcast.Contact.contact" time="0.022" errors="0" timestamp="2021-09-21T16:53:41 IST" skipped="0">
  <testcase classname="com.comcast.Contact.contact" name="delectContactTest" time="0.004"/>
  <system-out/>
  <testcase classname="com.comcast.Contact.contact" name="createContactTest" time="0.015"/>
  <system-out/>
  <testcase classname="com.comcast.Contact.contact" name="createContactWithOrgTest" time="0.003"/>
  <system-out/>
</testsuite> <!-- com.comcast.Contact.contact -->
