<?xml version="1.0" encoding="UTF-8"?>
<!-- Generated by org.testng.reporters.JUnitReportReporter -->
<testsuite hostname="DESKTOP-PLBA2VU" failures="0" tests="3" name="com.comcast.organization.oragTest" time="0.024" errors="0" timestamp="2021-09-22T13:38:04 IST" skipped="0">
  <testcase classname="com.comcast.organization.oragTest" name="delectorgTest" time="0.005"/>
  <system-out/>
  <testcase classname="com.comcast.organization.oragTest" name="createOrgWithleadTest" time="0.016"/>
  <system-out/>
  <testcase classname="com.comcast.organization.oragTest" name="createOrganizationTest" time="0.003"/>
  <system-out/>
</testsuite> <!-- com.comcast.organization.oragTest -->
